Performing C++ SOURCE FILE Test CAFFE2_NEED_TO_TURN_OFF_DEPRECATION_WARNING failed with the following output:
Change Dir: /tmp/pytorch_compiled/pytorch/build/CMakeFiles/CMakeTmp

Run Build Command(s):/usr/local/google/home/kkb/anaconda3/bin/ninja cmTC_67379 
[1/2] Building CXX object CMakeFiles/cmTC_67379.dir/src.cxx.o
FAILED: CMakeFiles/cmTC_67379.dir/src.cxx.o 
/usr/bin/c++    -DCAFFE2_NEED_TO_TURN_OFF_DEPRECATION_WARNING -std=c++14 -o CMakeFiles/cmTC_67379.dir/src.cxx.o -c src.cxx
src.cxx:1:10: fatal error: glog/stl_logging.h: No such file or directory
 #include <glog/stl_logging.h>
          ^~~~~~~~~~~~~~~~~~~~
compilation terminated.
ninja: build stopped: subcommand failed.

Source file was:
#include <glog/stl_logging.h>
    int main(int argc, char** argv) {
      return 0;
    }
Determining if the pthread_create exist failed with the following output:
Change Dir: /tmp/pytorch_compiled/pytorch/build/CMakeFiles/CMakeTmp

Run Build Command(s):/usr/local/google/home/kkb/anaconda3/bin/ninja cmTC_6097f 
[1/2] Building C object CMakeFiles/cmTC_6097f.dir/CheckSymbolExists.c.o
[2/2] Linking C executable cmTC_6097f
FAILED: cmTC_6097f 
: && /usr/bin/cc   -rdynamic CMakeFiles/cmTC_6097f.dir/CheckSymbolExists.c.o  -o cmTC_6097f   && :
/usr/bin/ld: CMakeFiles/cmTC_6097f.dir/CheckSymbolExists.c.o: in function `main':
CheckSymbolExists.c:(.text+0x1b): undefined reference to `pthread_create'
collect2: error: ld returned 1 exit status
ninja: build stopped: subcommand failed.

File /tmp/pytorch_compiled/pytorch/build/CMakeFiles/CMakeTmp/CheckSymbolExists.c:
/* */
#include <pthread.h>

int main(int argc, char** argv)
{
  (void)argv;
#ifndef pthread_create
  return ((int*)(&pthread_create))[argc];
#else
  (void)argc;
  return 0;
#endif
}

Determining if the function pthread_create exists in the pthreads failed with the following output:
Change Dir: /tmp/pytorch_compiled/pytorch/build/CMakeFiles/CMakeTmp

Run Build Command(s):/usr/local/google/home/kkb/anaconda3/bin/ninja cmTC_be5a7 
[1/2] Building C object CMakeFiles/cmTC_be5a7.dir/CheckFunctionExists.c.o
[2/2] Linking C executable cmTC_be5a7
FAILED: cmTC_be5a7 
: && /usr/bin/cc -DCHECK_FUNCTION_EXISTS=pthread_create  -rdynamic CMakeFiles/cmTC_be5a7.dir/CheckFunctionExists.c.o  -o cmTC_be5a7  -lpthreads && :
/usr/bin/ld: cannot find -lpthreads
collect2: error: ld returned 1 exit status
ninja: build stopped: subcommand failed.


Performing C SOURCE FILE Test NNPACK_ARCH_IS_X86_32 failed with the following output:
Change Dir: /tmp/pytorch_compiled/pytorch/build/CMakeFiles/CMakeTmp

Run Build Command(s):/usr/local/google/home/kkb/anaconda3/bin/ninja cmTC_38723 
[1/2] Building C object CMakeFiles/cmTC_38723.dir/src.c.o
FAILED: CMakeFiles/cmTC_38723.dir/src.c.o 
/usr/bin/cc   -DNNPACK_ARCH_IS_X86_32 -o CMakeFiles/cmTC_38723.dir/src.c.o   -c src.c
src.c:3:10: error: #error AVX only on x86_64
         #error AVX only on x86_64
          ^~~~~
ninja: build stopped: subcommand failed.

Source file was:

      #if ! (defined(__i386) || defined(_M_IX86))
        #error AVX only on x86_64
      #endif
      int main() {
        return 0;
      }
Performing C++ SOURCE FILE Test HAVE_CXX_FLAG_WSHORTEN_64_TO_32 failed with the following output:
Change Dir: /tmp/pytorch_compiled/pytorch/build/CMakeFiles/CMakeTmp

Run Build Command(s):/usr/local/google/home/kkb/anaconda3/bin/ninja cmTC_17e47 
[1/2] Building CXX object CMakeFiles/cmTC_17e47.dir/src.cxx.o
FAILED: CMakeFiles/cmTC_17e47.dir/src.cxx.o 
/usr/bin/c++    -Wno-deprecated -fvisibility-inlines-hidden  -std=c++11  -Wall  -Wextra  -Wshadow  -pedantic  -pedantic-errors -DHAVE_CXX_FLAG_WSHORTEN_64_TO_32  -Wshorten-64-to-32   -Wshorten-64-to-32 -o CMakeFiles/cmTC_17e47.dir/src.cxx.o -c src.cxx
c++: error: unrecognized command line option '-Wshorten-64-to-32'
c++: error: unrecognized command line option '-Wshorten-64-to-32'
ninja: build stopped: subcommand failed.

Source file was:
int main() { return 0; }
Performing C++ SOURCE FILE Test HAVE_CXX_FLAG_WD654 failed with the following output:
Change Dir: /tmp/pytorch_compiled/pytorch/build/CMakeFiles/CMakeTmp

Run Build Command(s):/usr/local/google/home/kkb/anaconda3/bin/ninja cmTC_c0b7b 
[1/2] Building CXX object CMakeFiles/cmTC_c0b7b.dir/src.cxx.o
FAILED: CMakeFiles/cmTC_c0b7b.dir/src.cxx.o 
/usr/bin/c++    -Wno-deprecated -fvisibility-inlines-hidden  -std=c++11  -Wall  -Wextra  -Wshadow  -pedantic  -pedantic-errors  -Wfloat-equal  -fstrict-aliasing  -Wno-deprecated-declarations  -Wstrict-aliasing -DHAVE_CXX_FLAG_WD654  -wd654   -wd654 -o CMakeFiles/cmTC_c0b7b.dir/src.cxx.o -c src.cxx
c++: error: unrecognized command line option '-wd654'
c++: error: unrecognized command line option '-wd654'
ninja: build stopped: subcommand failed.

Source file was:
int main() { return 0; }
Performing C++ SOURCE FILE Test HAVE_CXX_FLAG_WTHREAD_SAFETY failed with the following output:
Change Dir: /tmp/pytorch_compiled/pytorch/build/CMakeFiles/CMakeTmp

Run Build Command(s):/usr/local/google/home/kkb/anaconda3/bin/ninja cmTC_28e43 
[1/2] Building CXX object CMakeFiles/cmTC_28e43.dir/src.cxx.o
FAILED: CMakeFiles/cmTC_28e43.dir/src.cxx.o 
/usr/bin/c++    -Wno-deprecated -fvisibility-inlines-hidden  -std=c++11  -Wall  -Wextra  -Wshadow  -pedantic  -pedantic-errors  -Wfloat-equal  -fstrict-aliasing  -Wno-deprecated-declarations  -Wstrict-aliasing -DHAVE_CXX_FLAG_WTHREAD_SAFETY  -Wthread-safety   -Wthread-safety -o CMakeFiles/cmTC_28e43.dir/src.cxx.o -c src.cxx
c++: error: unrecognized command line option '-Wthread-safety'; did you mean '-fthread-jumps'?
c++: error: unrecognized command line option '-Wthread-safety'; did you mean '-fthread-jumps'?
ninja: build stopped: subcommand failed.

Source file was:
int main() { return 0; }
Performing C SOURCE FILE Test C_HAS_AVX_1 failed with the following output:
Change Dir: /tmp/pytorch_compiled/pytorch/build/CMakeFiles/CMakeTmp

Run Build Command(s):/usr/local/google/home/kkb/anaconda3/bin/ninja cmTC_5a782 
[1/2] Building C object CMakeFiles/cmTC_5a782.dir/src.c.o
FAILED: CMakeFiles/cmTC_5a782.dir/src.c.o 
/usr/bin/cc  -I/usr/local/google/home/kkb/anaconda3/include -I/usr/local/cuda/include -fopenmp -DC_HAS_AVX_1 -fPIE -o CMakeFiles/cmTC_5a782.dir/src.c.o   -c src.c
src.c: In function ‘main’:
src.c:7:7: warning: AVX vector return without AVX enabled changes the ABI [-Wpsabi]
     a = _mm256_set1_ps(0);
     ~~^~~~~~~~~~~~~~~~~~~
In file included from /usr/lib/gcc/x86_64-linux-gnu/8/include/immintrin.h:41,
                 from src.c:2:
/usr/lib/gcc/x86_64-linux-gnu/8/include/avxintrin.h:1310:1: error: inlining failed in call to always_inline ‘_mm256_set1_ps’: target specific option mismatch
 _mm256_set1_ps (float __A)
 ^~~~~~~~~~~~~~
src.c:7:9: note: called from here
     a = _mm256_set1_ps(0);
         ^~~~~~~~~~~~~~~~~
ninja: build stopped: subcommand failed.

Source file was:

  #include <immintrin.h>

  int main()
  {
    __m256 a;
    a = _mm256_set1_ps(0);
    return 0;
  }

Performing C SOURCE FILE Test C_HAS_AVX2_1 failed with the following output:
Change Dir: /tmp/pytorch_compiled/pytorch/build/CMakeFiles/CMakeTmp

Run Build Command(s):/usr/local/google/home/kkb/anaconda3/bin/ninja cmTC_7bec0 
[1/2] Building C object CMakeFiles/cmTC_7bec0.dir/src.c.o
FAILED: CMakeFiles/cmTC_7bec0.dir/src.c.o 
/usr/bin/cc  -I/usr/local/google/home/kkb/anaconda3/include -I/usr/local/cuda/include -fopenmp -DC_HAS_AVX2_1 -fPIE -o CMakeFiles/cmTC_7bec0.dir/src.c.o   -c src.c
src.c: In function ‘main’:
src.c:7:7: warning: AVX vector return without AVX enabled changes the ABI [-Wpsabi]
     a = _mm256_abs_epi16(a);
     ~~^~~~~~~~~~~~~~~~~~~~~
In file included from /usr/lib/gcc/x86_64-linux-gnu/8/include/immintrin.h:43,
                 from src.c:2:
/usr/lib/gcc/x86_64-linux-gnu/8/include/avx2intrin.h:63:1: error: inlining failed in call to always_inline ‘_mm256_abs_epi16’: target specific option mismatch
 _mm256_abs_epi16 (__m256i __A)
 ^~~~~~~~~~~~~~~~
src.c:7:9: note: called from here
     a = _mm256_abs_epi16(a);
         ^~~~~~~~~~~~~~~~~~~
ninja: build stopped: subcommand failed.

Source file was:

  #include <immintrin.h>

  int main()
  {
    __m256i a = {0};
    a = _mm256_abs_epi16(a);
    __m256i x;
    _mm256_extract_epi64(x, 0); // we rely on this in our AVX2 code
    return 0;
  }

Performing C SOURCE FILE Test CXX_HAS_AVX_1 failed with the following output:
Change Dir: /tmp/pytorch_compiled/pytorch/build/CMakeFiles/CMakeTmp

Run Build Command(s):/usr/local/google/home/kkb/anaconda3/bin/ninja cmTC_4955c 
[1/2] Building C object CMakeFiles/cmTC_4955c.dir/src.c.o
FAILED: CMakeFiles/cmTC_4955c.dir/src.c.o 
/usr/bin/cc  -I/usr/local/google/home/kkb/anaconda3/include -I/usr/local/cuda/include -fopenmp -DCXX_HAS_AVX_1 -fPIE -o CMakeFiles/cmTC_4955c.dir/src.c.o   -c src.c
src.c: In function ‘main’:
src.c:7:7: warning: AVX vector return without AVX enabled changes the ABI [-Wpsabi]
     a = _mm256_set1_ps(0);
     ~~^~~~~~~~~~~~~~~~~~~
In file included from /usr/lib/gcc/x86_64-linux-gnu/8/include/immintrin.h:41,
                 from src.c:2:
/usr/lib/gcc/x86_64-linux-gnu/8/include/avxintrin.h:1310:1: error: inlining failed in call to always_inline ‘_mm256_set1_ps’: target specific option mismatch
 _mm256_set1_ps (float __A)
 ^~~~~~~~~~~~~~
src.c:7:9: note: called from here
     a = _mm256_set1_ps(0);
         ^~~~~~~~~~~~~~~~~
ninja: build stopped: subcommand failed.

Source file was:

  #include <immintrin.h>

  int main()
  {
    __m256 a;
    a = _mm256_set1_ps(0);
    return 0;
  }

Performing C SOURCE FILE Test CXX_HAS_AVX2_1 failed with the following output:
Change Dir: /tmp/pytorch_compiled/pytorch/build/CMakeFiles/CMakeTmp

Run Build Command(s):/usr/local/google/home/kkb/anaconda3/bin/ninja cmTC_1b8f7 
[1/2] Building C object CMakeFiles/cmTC_1b8f7.dir/src.c.o
FAILED: CMakeFiles/cmTC_1b8f7.dir/src.c.o 
/usr/bin/cc  -I/usr/local/google/home/kkb/anaconda3/include -I/usr/local/cuda/include -fopenmp -DCXX_HAS_AVX2_1 -fPIE -o CMakeFiles/cmTC_1b8f7.dir/src.c.o   -c src.c
src.c: In function ‘main’:
src.c:7:7: warning: AVX vector return without AVX enabled changes the ABI [-Wpsabi]
     a = _mm256_abs_epi16(a);
     ~~^~~~~~~~~~~~~~~~~~~~~
In file included from /usr/lib/gcc/x86_64-linux-gnu/8/include/immintrin.h:43,
                 from src.c:2:
/usr/lib/gcc/x86_64-linux-gnu/8/include/avx2intrin.h:63:1: error: inlining failed in call to always_inline ‘_mm256_abs_epi16’: target specific option mismatch
 _mm256_abs_epi16 (__m256i __A)
 ^~~~~~~~~~~~~~~~
src.c:7:9: note: called from here
     a = _mm256_abs_epi16(a);
         ^~~~~~~~~~~~~~~~~~~
ninja: build stopped: subcommand failed.

Source file was:

  #include <immintrin.h>

  int main()
  {
    __m256i a = {0};
    a = _mm256_abs_epi16(a);
    __m256i x;
    _mm256_extract_epi64(x, 0); // we rely on this in our AVX2 code
    return 0;
  }

Performing C SOURCE FILE Test BLAS_F2C_DOUBLE_WORKS failed with the following compile output:
Change Dir: /tmp/pytorch_compiled/pytorch/build/CMakeFiles/CMakeTmp

Run Build Command(s):/usr/local/google/home/kkb/anaconda3/bin/ninja cmTC_a87fe 
[1/2] Building C object CMakeFiles/cmTC_a87fe.dir/src.c.o
[2/2] Linking C executable cmTC_a87fe

...and run output:

Return value: 1
Source file was:

#include <stdlib.h>
#include <stdio.h>
float x[4] = { 1, 2, 3, 4 };
float y[4] = { .1, .01, .001, .0001 };
int four = 4;
int one = 1;
extern double sdot_();
int main() {
  int i;
  double r = sdot_(&four, x, &one, y, &one);
  exit((float)r != (float).1234);
}
